Started by user [8mha:////4Jikxv8wZWqGtCE/EHBJViYz1/q5Tns5Q8J+RCYjVWayAAAAmR+LCAAAAAAAAP9b85aBtbiIQTGjNKU4P08vOT+vOD8nVc83PyU1x6OyILUoJzMv2y+/JJUBAhiZGBgqihhk0NSjKDWzXb3RdlLBUSYGJk8GtpzUvPSSDB8G5tKinBIGIZ+sxLJE/ZzEvHT94JKizLx0a6BxUmjGOUNodHsLgAz2EgZe/dLi1CL94pLSlNS8EgDnZMOBwgAAAA==[0mStudent
Running as SYSTEM
Building in workspace /var/jenkins_home/workspace/933_IagutaIon_Job
The recommended git tool is: NONE
No credentials specified
 > git rev-parse --resolve-git-dir /var/jenkins_home/workspace/933_IagutaIon_Job/.git # timeout=10
Fetching changes from the remote Git repository
 > git config remote.origin.url https://github.com/fragN7/ssvvv.git # timeout=10
Fetching upstream changes from https://github.com/fragN7/ssvvv.git
 > git --version # timeout=10
 > git --version # 'git version 2.39.2'
 > git fetch --tags --force --progress -- https://github.com/fragN7/ssvvv.git +refs/heads/*:refs/remotes/origin/* # timeout=10
 > git rev-parse refs/remotes/origin/main^{commit} # timeout=10
Checking out Revision 7f7419762f99161463c68a1baeec810c81c91752 (refs/remotes/origin/main)
 > git config core.sparsecheckout # timeout=10
 > git checkout -f 7f7419762f99161463c68a1baeec810c81c91752 # timeout=10
Commit message: "namaste"
First time build. Skipping changelog.
[933_IagutaIon_Job] $ mvn compile
[[1;34mINFO[m] Scanning for projects...
[[1;34mINFO[m] [1m------------------------------------------------------------------------[m
[[1;34mINFO[m] [1;31mBUILD FAILURE[m
[[1;34mINFO[m] [1m------------------------------------------------------------------------[m
[[1;34mINFO[m] Total time:  0.224 s
[[1;34mINFO[m] Finished at: 2024-03-11T17:29:54Z
[[1;34mINFO[m] [1m------------------------------------------------------------------------[m
[[1;31mERROR[m] The goal you specified requires a project to execute but there is no POM in this directory (/var/jenkins_home/workspace/933_IagutaIon_Job). Please verify you invoked Maven from the correct directory. -> [1m[Help 1][m
[[1;31mERROR[m] 
[[1;31mERROR[m] To see the full stack trace of the errors, re-run Maven with the [1m-e[m switch.
[[1;31mERROR[m] Re-run Maven using the [1m-X[m switch to enable full debug logging.
[[1;31mERROR[m] 
[[1;31mERROR[m] For more information about the errors and possible solutions, please read the following articles:
[[1;31mERROR[m] [1m[Help 1][m http://cwiki.apache.org/confluence/display/MAVEN/MissingProjectException
Build step 'Invoke top-level Maven targets' marked build as failure
Archiving artifacts
Finished: FAILURE
