<?xml version="1.0" encoding="UTF-8"?><testsuite errors="0" failures="0" name="org.example.features.search.GoodLoginStory" skipped="1" tests="3" time="15.2" timestamp="2024-05-13 06:32:27"><testcase classname="org.example.features.search.GoodLoginStory" name="Searching by keyword banana should display the corresponding article"/><testcase classname="org.example.features.search.GoodLoginStory" name="Searching by ambiguious keyword should display the disambiguation page"><skipped/></testcase><testcase classname="org.example.features.search.GoodLoginStory" name="Searching by keyword apple should display the corresponding article"/></testsuite>