<?xml version="1.0" encoding="UTF-8"?><testsuite errors="0" failures="2" name="org.example.features.search.SearchByKeywordStory" skipped="1" tests="3" time="26.56" timestamp="2024-05-13 06:32:45"><testcase classname="org.example.features.search.SearchByKeywordStory" name="Searching by keyword banana should display the corresponding article"><failure message="Expected enabled element was not enabled" type="net.thucydides.core.webdriver.exceptions.ElementShouldBeEnabledException">Expected enabled element was not enabled</failure><system-err>Expected enabled element was not enabled&#13;
Lab5DemoSerenityJUnit@1.0-SNAPSHOT/org.example.pages.DictionaryPage.enter_keywords(DictionaryPage.java:26)&#13;
Lab5DemoSerenityJUnit@1.0-SNAPSHOT/org.example.steps.serenity.EndUserSteps.enters(EndUserSteps.java:17)&#13;
Lab5DemoSerenityJUnit@1.0-SNAPSHOT/org.example.steps.serenity.EndUserSteps.looks_for(EndUserSteps.java:37)&#13;
Lab5DemoSerenityJUnit@1.0-SNAPSHOT/org.example.features.search.SearchByKeywordStory.searching_by_keyword_banana_should_display_the_corresponding_article(SearchByKeywordStory.java:36)&#13;
</system-err></testcase><testcase classname="org.example.features.search.SearchByKeywordStory" name="Searching by ambiguious keyword should display the disambiguation page"><skipped/></testcase><testcase classname="org.example.features.search.SearchByKeywordStory" name="Searching by keyword apple should display the corresponding article"><failure message="Expected enabled element was not enabled" type="net.thucydides.core.webdriver.exceptions.ElementShouldBeEnabledException">Expected enabled element was not enabled</failure><system-err>Expected enabled element was not enabled&#13;
Lab5DemoSerenityJUnit@1.0-SNAPSHOT/org.example.pages.DictionaryPage.enter_keywords(DictionaryPage.java:26)&#13;
Lab5DemoSerenityJUnit@1.0-SNAPSHOT/org.example.steps.serenity.EndUserSteps.enters(EndUserSteps.java:17)&#13;
Lab5DemoSerenityJUnit@1.0-SNAPSHOT/org.example.steps.serenity.EndUserSteps.looks_for(EndUserSteps.java:37)&#13;
Lab5DemoSerenityJUnit@1.0-SNAPSHOT/org.example.features.search.SearchByKeywordStory.searching_by_keyword_apple_should_display_the_corresponding_article(SearchByKeywordStory.java:28)&#13;
</system-err></testcase></testsuite>