<?xml version="1.0" encoding="UTF-8"?><testsuite errors="0" failures="1" name="org.example.features.search.SearchByKeywordStoryDDT" skipped="0" tests="3" time="37.34" timestamp="2024-04-22 06:43:59"><testcase classname="org.example.features.search.SearchByKeywordStoryDDT" name="Search wiki by keyword test DDT"><failure message="&#10;Expected: a collection containing a string containing &quot;The�emotion�of being�happy;�joy.&quot;&#10;     but: was &quot;&quot;, was &quot;(uncountable) The emotion of being happy; joy. quotations ▼&quot;, was &quot;&quot;, was &quot;(archaic, uncountable) prosperity, thriving, wellbeing. quotations ▼&quot;, was &quot;&quot;, was &quot;(archaic, uncountable) Good luck; good fortune. quotations ▼&quot;, was &quot;&quot;, was &quot;(obsolete, countable) Fortuitous elegance; unstudied grace; — used especially of language. quotations ▼&quot;, was &quot;&quot;" type="java.lang.AssertionError">
Expected: a collection containing a string containing "The�emotion�of being�happy;�joy."
     but: was "", was "(uncountable) The emotion of being happy; joy. quotations ▼", was "", was "(archaic, uncountable) prosperity, thriving, wellbeing. quotations ▼", was "", was "(archaic, uncountable) Good luck; good fortune. quotations ▼", was "", was "(obsolete, countable) Fortuitous elegance; unstudied grace; — used especially of language. quotations ▼", was ""</failure><system-err>
Expected: a collection containing a string containing "The�emotion�of being�happy;�joy."
     but: was "", was "(uncountable) The emotion of being happy; joy. quotations ▼", was "", was "(archaic, uncountable) prosperity, thriving, wellbeing. quotations ▼", was "", was "(archaic, uncountable) Good luck; good fortune. quotations ▼", was "", was "(obsolete, countable) Fortuitous elegance; unstudied grace; — used especially of language. quotations ▼", was ""&#13;
org.example.steps.serenity.EndUserSteps.should_see_definition(EndUserSteps.java:27)&#13;
org.example.features.search.SearchByKeywordStoryDDT.searchWikiByKeywordTestDDT(SearchByKeywordStoryDDT.java:41)&#13;
</system-err></testcase></testsuite>