-------------------------------------------------------------------------------
Test set: org.example.features.search.BadLoginStory
-------------------------------------------------------------------------------
Tests run: 1, Failures: 0, Errors: 1, Skipped: 0, Time elapsed: 0.777 s <<< FAILURE! - in org.example.features.search.BadLoginStory
org.example.features.search.BadLoginStory.initializationError  Time elapsed: 0.008 s  <<< ERROR!
java.lang.Exception: No runnable methods

