        -:    0:Source:C:/Users/Alen/Documents/GitHub/UBB Github/a5-6-913-Iaguta-Alen-Mihael/ui/Ui.h
        -:    0:Graph:C:\Users\Alen\Documents\GitHub\UBB Github\a5-6-913-Iaguta-Alen-Mihael\cmake-build-debug-coverage\CMakeFiles\a5_6_913_Iaguta_Alen_Mihael.dir\main\main.cpp.gcno
        -:    0:Data:C:\Users\Alen\Documents\GitHub\UBB Github\a5-6-913-Iaguta-Alen-Mihael\cmake-build-debug-coverage\CMakeFiles\a5_6_913_Iaguta_Alen_Mihael.dir\main\main.cpp.gcda
        -:    0:Runs:1
        -:    1://
        -:    2:// Created by Alen on 16/03/2022.
        -:    3://
        -:    4:
        -:    5:#include <iostream>
        -:    6:#include <string>
        -:    7:#include <utility>
        -:    8:#include <cstdlib>
        -:    9:#include <cstring>
        -:   10:#include <cstdlib>
        -:   11:#include <windows.h>
        -:   12:#include <shellapi.h>
        -:   13:#include "../validation/validation.h"
        -:   14:#include "../service/service.h"
        -:   15:#include "../errors/exceptions.h"
        -:   16:#pragma once
        -:   17:
        -:   18:
        -:   19:class UserInterface {
        -:   20:
        -:   21:private:
        -:   22:
        -:   23:    Event_Service event_service;
        -:   24:    Event_Service user_event_service;
        -:   25:
        -:   26:    void ui_add();
        -:   27:    void ui_delete();
        -:   28:    void ui_update();
        -:   29:    void ui_list();
        -:   30:    static void print_admin_menu();
        -:   31:
        -:   32:    void ui_user_show_events();
        -:   33:    void ui_user_my_events();
        -:   34:    static void print_user_menu();
        -:   35:
        -:   36:public:
        -:   37:
function _ZN13UserInterfaceC1E13Event_ServiceS0_ called 1 returned 100% blocks executed 100%
        1:   38:    explicit UserInterface(Event_Service  event_service, Event_Service  user_event_service) : event_service(std::move(event_service)), user_event_service(std::move(user_event_service)) {};
        1:   38-block  0
call    0 returned 1
call    1 returned 1
call    2 returned 1
call    3 returned 1
        -:   39:    void run();
        -:   40:
        -:   41:};
