        -:    0:Source:C:/Users/Alen/Documents/GitHub/UBB Github/a5-6-913-Iaguta-Alen-Mihael/main/main.cpp
        -:    0:Graph:C:\Users\Alen\Documents\GitHub\UBB Github\a5-6-913-Iaguta-Alen-Mihael\cmake-build-debug-coverage\CMakeFiles\a5_6_913_Iaguta_Alen_Mihael.dir\main\main.cpp.gcno
        -:    0:Data:C:\Users\Alen\Documents\GitHub\UBB Github\a5-6-913-Iaguta-Alen-Mihael\cmake-build-debug-coverage\CMakeFiles\a5_6_913_Iaguta_Alen_Mihael.dir\main\main.cpp.gcda
        -:    0:Runs:1
        -:    1://
        -:    2:// Created by Alen on 16/03/2022.
        -:    3://
        -:    4:
        -:    5:#include "../ui/Ui.h"
        -:    6:#include "../tests/tests.h"
        -:    7:
        -:    8:/// Main function, run the tests and creating the repo's
        -:    9:/// \return 0
function main called 1 returned 100% blocks executed 59%
        1:   10:int main()
        -:   11:{
        1:   12:    Testing::run_tests();
        1:   12-block  0
call    0 returned 1
branch  1 taken 1 (fallthrough)
branch  2 taken 0 (throw)
        -:   13:    Event_Validation event_validator;
        -:   14:
        1:   15:    Event_Repo event_repo{};
        1:   15-block  0
call    0 returned 1
        1:   16:    Event_Service event_service(event_repo, event_validator);
call    0 returned 1
        -:   17:
        1:   18:    Event_Repo user_event_repo{};
call    0 returned 1
        1:   19:    Event_Service user_event_service(user_event_repo, event_validator);
call    0 returned 1
        -:   20:
        2:   21:    UserInterface ui(event_service, user_event_service);
call    0 returned 1
branch  1 taken 1 (fallthrough)
branch  2 taken 0 (throw)
        1:   21-block  0
call    3 returned 1
branch  4 taken 1 (fallthrough)
branch  5 taken 0 (throw)
        1:   21-block  1
call    6 returned 1
call    7 returned 1
    $$$$$:   21-block  2
        1:   22:    ui.run();
call    0 returned 1
branch  1 taken 1 (fallthrough)
branch  2 taken 0 (throw)
        -:   23:
        1:   24:    return 0;
        1:   25:}
        1:   25-block  0
call    0 returned 1
call    1 returned 1
call    2 returned 1
call    3 returned 1
call    4 returned 1
    $$$$$:   25-block  1
call    5 never executed
    $$$$$:   25-block  2
call    6 never executed
    $$$$$:   25-block  3
call    7 never executed
    $$$$$:   25-block  4
call    8 never executed
    $$$$$:   25-block  5
call    9 never executed
