        -:    0:Source:C:/Users/Alen/Documents/GitHub/UBB Github/a5-6-913-Iaguta-Alen-Mihael/errors/exceptions.h
        -:    0:Graph:C:\Users\Alen\Documents\GitHub\UBB Github\a5-6-913-Iaguta-Alen-Mihael\cmake-build-debug-coverage\CMakeFiles\a5_6_913_Iaguta_Alen_Mihael.dir\repo\repository.cpp.gcno
        -:    0:Data:C:\Users\Alen\Documents\GitHub\UBB Github\a5-6-913-Iaguta-Alen-Mihael\cmake-build-debug-coverage\CMakeFiles\a5_6_913_Iaguta_Alen_Mihael.dir\repo\repository.cpp.gcda
        -:    0:Runs:1
        -:    1://
        -:    2:// Created by Alen on 19/03/2022.
        -:    3://
        -:    4:
        -:    5:#pragma once
        -:    6:#include <exception>
        -:    7:#include <string>
        -:    8:#include <utility>
        -:    9:
        -:   10:
        -:   11:class RepoError : public std::exception {
        -:   12:    std::string message;
        -:   13:public:
function _ZN9RepoErrorC1ENSt7__cxx1112basic_stringIcSt11char_traitsIcESaIcEEE called 3 returned 100% blocks executed 100%
        3:   14:    explicit RepoError(std::string message) :message(std::move(message)) {};
        3:   14-block  0
call    0 returned 3
call    1 returned 3
call    2 returned 3
        -:   15:    std::string get_message() { return this->message; };
        -:   16:};
        -:   17:
        -:   18:class ValidError : public std::exception {
        -:   19:    std::string message;
        -:   20:public:
        -:   21:    explicit ValidError(std::string message) :message(std::move(message)) {};
        -:   22:    std::string get_message() { return this->message; };
        -:   23:};
        -:   24:
        -:   25:class UserError : public std::exception {
        -:   26:    std::string message;
        -:   27:public:
        -:   28:    explicit UserError(std::string message) :message(std::move(message)) {};
        -:   29:    std::string get_message() { return this->message; };
        -:   30:};
