        -:    0:Source:C:/Users/Alen/Documents/GitHub/UBB Github/a5-6-913-Iaguta-Alen-Mihael/repo/repository.cpp
        -:    0:Graph:C:\Users\Alen\Documents\GitHub\UBB Github\a5-6-913-Iaguta-Alen-Mihael\cmake-build-debug-coverage\CMakeFiles\a5_6_913_Iaguta_Alen_Mihael.dir\repo\repository.cpp.gcno
        -:    0:Data:C:\Users\Alen\Documents\GitHub\UBB Github\a5-6-913-Iaguta-Alen-Mihael\cmake-build-debug-coverage\CMakeFiles\a5_6_913_Iaguta_Alen_Mihael.dir\repo\repository.cpp.gcda
        -:    0:Runs:1
        -:    1://
        -:    2:// Created by Alen on 16/03/2022.
        -:    3://
        -:    4:
        -:    5:#include "repository.h"
        -:    6:
        -:    7:
function _ZN10Event_Repo4findERKNSt7__cxx1112basic_stringIcSt11char_traitsIcESaIcEEE called 20 returned 100% blocks executed 86%
       20:    8:int Event_Repo::find(const std::string& link) {
        -:    9:
       20:   10:    std::vector<Event> the_events = this->events;
       20:   10-block  0
call    0 returned 20
branch  1 taken 20 (fallthrough)
branch  2 taken 0 (throw)
       69:   11:    for (auto& event : the_events)
       20:   11-block  0
call    0 returned 20
call    1 returned 20
       54:   11-block  1
call    2 returned 54
       49:   11-block  2
call    3 returned 49
       69:   11-block  3
call    4 returned 69
branch  5 taken 54
branch  6 taken 15 (fallthrough)
        -:   12:    {
       54:   13:        if(event.get_link() == link)
call    0 returned 54
branch  1 taken 54 (fallthrough)
branch  2 taken 0 (throw)
       54:   13-block  0
call    3 returned 54
call    4 returned 54
branch  5 taken 5 (fallthrough)
branch  6 taken 49
        5:   14:            return &event - &the_events[0];
        5:   14-block  0
call    0 returned 5
        -:   15:    }
       15:   16:    return -1;
       15:   16-block  0
       20:   17:}
       20:   17-block  0
call    0 returned 20
    $$$$$:   17-block  1
call    1 never executed
        -:   18:
function _ZN10Event_Repo3addE5Event called 14 returned 93% blocks executed 67%
       14:   19:void Event_Repo::add(Event event)
        -:   20:{
       14:   21:    if(find(event.get_link()) != -1)
       14:   21-block  0
call    0 returned 14
call    1 returned 14
branch  2 taken 14 (fallthrough)
branch  3 taken 0 (throw)
       14:   21-block  1
call    4 returned 14
branch  5 taken 1 (fallthrough)
branch  6 taken 13
    $$$$$:   21-block  2
call    7 never executed
    $$$$$:   21-block  3
call    8 never executed
        1:   22:        throw RepoError("Event already exists");
        1:   22-block  0
call    0 returned 1
call    1 returned 1
call    2 returned 1
branch  3 taken 1 (fallthrough)
branch  4 taken 0 (throw)
        1:   22-block  1
call    5 returned 1
call    6 returned 1
call    7 returned 1
call    8 returned 0
    $$$$$:   22-block  2
call    9 never executed
    $$$$$:   22-block  3
    $$$$$:   22-block  4
call   10 never executed
       13:   23:    this->events.push_back(event);
       13:   23-block  0
call    0 returned 13
        -:   24:    ///this->dynamic_array + event;
        -:   25:    ///this->dynamic_array = event + this->dynamic_array;
       13:   26:}
        -:   27:
function _ZN10Event_Repo6removeERKNSt7__cxx1112basic_stringIcSt11char_traitsIcESaIcEEE called 3 returned 67% blocks executed 68%
        3:   28:void Event_Repo::remove(const std::string& link) {
        -:   29:
        3:   30:    int index = find(link);
        3:   30-block  0
call    0 returned 3
        3:   31:    if (index == -1)
branch  0 taken 1 (fallthrough)
branch  1 taken 2
        1:   32:        throw RepoError("Event doesn't exist");
        1:   32-block  0
call    0 returned 1
call    1 returned 1
call    2 returned 1
branch  3 taken 1 (fallthrough)
branch  4 taken 0 (throw)
        1:   32-block  1
call    5 returned 1
call    6 returned 1
call    7 returned 1
call    8 returned 0
    $$$$$:   32-block  2
call    9 never executed
    $$$$$:   32-block  3
    $$$$$:   32-block  4
call   10 never executed
        2:   33:    this->events.erase(this->events.begin() + index);
        2:   33-block  0
call    0 returned 2
call    1 returned 2
call    2 returned 2
call    3 returned 2
branch  4 taken 2 (fallthrough)
branch  5 taken 0 (throw)
    $$$$$:   33-block  1
    $$$$$:   33-block  2
        2:   34:}
        2:   34-block  0
        -:   35:
function _ZN10Event_Repo6updateE5Event called 3 returned 67% blocks executed 68%
        3:   36:void Event_Repo::update(Event event) {
        -:   37:
        3:   38:    int index = find(event.get_link());
        3:   38-block  0
call    0 returned 3
call    1 returned 3
branch  2 taken 3 (fallthrough)
branch  3 taken 0 (throw)
        3:   38-block  1
call    4 returned 3
    $$$$$:   38-block  2
call    5 never executed
    $$$$$:   38-block  3
call    6 never executed
        3:   39:    if (index == -1)
branch  0 taken 1 (fallthrough)
branch  1 taken 2
        1:   40:        throw RepoError("Event doesn't exist");
        1:   40-block  0
call    0 returned 1
call    1 returned 1
call    2 returned 1
branch  3 taken 1 (fallthrough)
branch  4 taken 0 (throw)
        1:   40-block  1
call    5 returned 1
call    6 returned 1
call    7 returned 1
call    8 returned 0
    $$$$$:   40-block  2
call    9 never executed
    $$$$$:   40-block  3
    $$$$$:   40-block  4
call   10 never executed
        2:   41:    this->events[index] = event;
        2:   41-block  0
call    0 returned 2
call    1 returned 2
        2:   42:}
        -:   43:
function _ZN10Event_Repo14get_all_eventsEv called 3 returned 100% blocks executed 100%
        3:   44:std::vector<Event> Event_Repo::get_all_events() {
        -:   45:
        3:   46:    return this->events;
        3:   46-block  0
call    0 returned 3
        -:   47:}
        -:   48:
function _ZN10Event_Repo16get_event_numberEv called 4 returned 100% blocks executed 100%
        4:   49:unsigned long long Event_Repo::get_event_number() {
        4:   50:    return this->events.size();
        4:   50-block  0
call    0 returned 4
        -:   51:}
        -:   52:
        -:   53:
